0 info it worked if it ends with ok
1 verbose cli [ 'C:\\Program Files (x86)\\nodejs\\\\node.exe',
1 verbose cli   'C:\\Program Files (x86)\\nodejs\\node_modules\\npm\\bin\\npm-cli.js',
1 verbose cli   'install',
1 verbose cli   '--save-dev',
1 verbose cli   'gulp-del' ]
2 info using npm@1.4.28
3 info using node@v0.10.35
4 verbose node symlink C:\Program Files (x86)\nodejs\\node.exe
5 verbose readDependencies using package.json deps
6 verbose cache add [ 'gulp-del', null ]
7 verbose cache add name=undefined spec="gulp-del" args=["gulp-del",null]
8 verbose parsed url { protocol: null,
8 verbose parsed url   slashes: null,
8 verbose parsed url   auth: null,
8 verbose parsed url   host: null,
8 verbose parsed url   port: null,
8 verbose parsed url   hostname: null,
8 verbose parsed url   hash: null,
8 verbose parsed url   search: null,
8 verbose parsed url   query: null,
8 verbose parsed url   pathname: 'gulp-del',
8 verbose parsed url   path: 'gulp-del',
8 verbose parsed url   href: 'gulp-del' }
9 silly lockFile 65afcfc8-gulp-del gulp-del
10 verbose lock gulp-del C:\Users\Bogdan\AppData\Roaming\npm-cache\65afcfc8-gulp-del.lock
11 silly lockFile 65afcfc8-gulp-del gulp-del
12 silly lockFile 65afcfc8-gulp-del gulp-del
13 verbose addNamed [ 'gulp-del', '' ]
14 verbose addNamed [ null, '*' ]
15 silly lockFile 3d7a6f36-gulp-del gulp-del@
16 verbose lock gulp-del@ C:\Users\Bogdan\AppData\Roaming\npm-cache\3d7a6f36-gulp-del.lock
17 silly addNameRange { name: 'gulp-del', range: '*', hasData: false }
18 verbose request where is /gulp-del
19 verbose request registry https://registry.npmjs.org/
20 verbose request id 9efcfdca109d95e5
21 verbose url raw /gulp-del
22 verbose url resolving [ 'https://registry.npmjs.org/', './gulp-del' ]
23 verbose url resolved https://registry.npmjs.org/gulp-del
24 verbose request where is https://registry.npmjs.org/gulp-del
25 info trying registry request attempt 1 at 21:26:13
26 http GET https://registry.npmjs.org/gulp-del
27 http 404 https://registry.npmjs.org/gulp-del
28 verbose headers { server: 'CouchDB/1.5.0 (Erlang OTP/R16B03)',
28 verbose headers   'content-type': 'application/json',
28 verbose headers   'cache-control': 'max-age=0',
28 verbose headers   'content-length': '51',
28 verbose headers   'accept-ranges': 'bytes',
28 verbose headers   date: 'Sat, 09 May 2015 18:26:23 GMT',
28 verbose headers   via: '1.1 varnish',
28 verbose headers   age: '0',
28 verbose headers   connection: 'keep-alive',
28 verbose headers   'x-served-by': 'cache-fra1229-FRA',
28 verbose headers   'x-cache': 'MISS',
28 verbose headers   'x-cache-hits': '0',
28 verbose headers   'x-timer': 'S1431195982.537631,VS0,VE750' }
29 silly registry.get cb [ 404,
29 silly registry.get   { server: 'CouchDB/1.5.0 (Erlang OTP/R16B03)',
29 silly registry.get     'content-type': 'application/json',
29 silly registry.get     'cache-control': 'max-age=0',
29 silly registry.get     'content-length': '51',
29 silly registry.get     'accept-ranges': 'bytes',
29 silly registry.get     date: 'Sat, 09 May 2015 18:26:23 GMT',
29 silly registry.get     via: '1.1 varnish',
29 silly registry.get     age: '0',
29 silly registry.get     connection: 'keep-alive',
29 silly registry.get     'x-served-by': 'cache-fra1229-FRA',
29 silly registry.get     'x-cache': 'MISS',
29 silly registry.get     'x-cache-hits': '0',
29 silly registry.get     'x-timer': 'S1431195982.537631,VS0,VE750' } ]
30 silly lockFile 3d7a6f36-gulp-del gulp-del@
31 silly lockFile 3d7a6f36-gulp-del gulp-del@
32 error 404 404 Not Found: gulp-del
32 error 404
32 error 404 'gulp-del' is not in the npm registry.
32 error 404 You should bug the author to publish it
32 error 404 It was specified as a dependency of 'xoomean'
32 error 404
32 error 404 Note that you can also install from a
32 error 404 tarball, folder, or http url, or git url.
33 error System Windows_NT 6.1.7601
34 error command "C:\\Program Files (x86)\\nodejs\\\\node.exe" "C:\\Program Files (x86)\\nodejs\\node_modules\\npm\\bin\\npm-cli.js" "install" "--save-dev" "gulp-del"
35 error cwd D:\workspace\xoomean
36 error node -v v0.10.35
37 error npm -v 1.4.28
38 error code E404
39 verbose exit [ 1, true ]
